<?xml version="1.0" encoding="UTF-8"?>
<!-- Generated by org.testng.reporters.JUnitReportReporter -->
<testsuite hostname="Srikanth" failures="1" tests="7" name="com.planit.runners.TestRunner" time="127.745" errors="0" timestamp="2026-03-18T10:37:23 NZDT" skipped="0">
  <testcase classname="com.planit.runners.TestRunner" name="runScenario" time="20.017"/>
  <testcase classname="com.planit.runners.TestRunner" name="runScenario" time="18.347"/>
  <testcase classname="com.planit.runners.TestRunner" name="runScenario" time="21.014"/>
  <testcase classname="com.planit.runners.TestRunner" name="runScenario" time="6.995">
    <failure message="[Subtotal for &#039;Fluffy Bunny&#039; should be 49.95 (unit price 9.99 Ã— 5)] 
expected: 49.95
 but was: 39.96" type="java.lang.AssertionError">
      <![CDATA[java.lang.AssertionError: [Subtotal for 'Fluffy Bunny' should be 49.95 (unit price 9.99 Ã— 5)] 
expected: 49.95
 but was: 39.96
at com.planit.stepdefs.CartSteps.theSubtotalForShouldEqualUnitPriceMultipliedBy(CartSteps.java:81)
at ✽.the subtotal for "Fluffy Bunny" should equal unit price multiplied by 5(classpath:features/jupiter_toys.feature:45)
]]>
    </failure>
  </testcase> <!-- runScenario -->
  <testcase classname="com.planit.runners.TestRunner" name="runScenario" time="23.731"/>
  <testcase classname="com.planit.runners.TestRunner" name="runScenario" time="17.351"/>
  <testcase classname="com.planit.runners.TestRunner" name="runScenario" time="20.290"/>
</testsuite> <!-- com.planit.runners.TestRunner -->
