<?xml version="1.0" encoding="UTF-8"?>
<!-- Generated by org.testng.reporters.JUnitReportReporter -->
<testsuite hostname="Srikanth" failures="0" tests="7" name="com.planit.runners.TestRunner" time="86.942" errors="0" timestamp="2026-03-18T02:04:54 NZDT" skipped="0">
  <testcase classname="com.planit.runners.TestRunner" name="runScenario" time="16.195"/>
  <testcase classname="com.planit.runners.TestRunner" name="runScenario" time="8.528"/>
  <testcase classname="com.planit.runners.TestRunner" name="runScenario" time="19.505"/>
  <testcase classname="com.planit.runners.TestRunner" name="runScenario" time="7.256"/>
  <testcase classname="com.planit.runners.TestRunner" name="runScenario" time="6.325"/>
  <testcase classname="com.planit.runners.TestRunner" name="runScenario" time="6.983"/>
  <testcase classname="com.planit.runners.TestRunner" name="runScenario" time="22.150"/>
</testsuite> <!-- com.planit.runners.TestRunner -->
