<?xml version="1.0" encoding="UTF-8"?>
<testng-results ignored="0" total="7" passed="6" failed="1" skipped="0">
  <reporter-output>
  </reporter-output>
  <suite started-at="2026-03-18T10:35:14 NZDT" name="Planit Jupiter Toys Suite" finished-at="2026-03-18T10:37:23 NZDT" duration-ms="128609">
    <groups>
      <group name="cucumber">
        <method signature="AbstractTestNGCucumberTests.runScenario(io.cucumber.testng.PickleWrapper,io.cucumber.testng.FeatureWrapper)[pri:0, instance:com.planit.runners.TestRunner@7bc6d27a]" name="runScenario" class="io.cucumber.testng.AbstractTestNGCucumberTests"/>
      </group> <!-- cucumber -->
    </groups>
    <test started-at="2026-03-18T10:35:14 NZDT" name="All Test Cases" finished-at="2026-03-18T10:37:23 NZDT" duration-ms="128609">
      <class name="com.planit.runners.TestRunner">
        <test-method is-config="true" signature="setUpClass(org.testng.ITestContext)[pri:0, instance:com.planit.runners.TestRunner@7bc6d27a]" started-at="2026-03-18T10:35:14 NZDT" name="setUpClass" finished-at="2026-03-18T10:35:15 NZDT" duration-ms="734" status="PASS">
          <params>
            <param index="0">
              <value>
                <![CDATA[org.testng.TestRunner@61dde151]]>
              </value>
            </param>
          </params>
          <reporter-output>
          </reporter-output>
        </test-method> <!-- setUpClass -->
        <test-method signature="runScenario(io.cucumber.testng.PickleWrapper,io.cucumber.testng.FeatureWrapper)[pri:0, instance:com.planit.runners.TestRunner@7bc6d27a]" started-at="2026-03-18T10:35:15 NZDT" name="runScenario" description="Runs Cucumber Scenarios" data-provider="scenarios" finished-at="2026-03-18T10:35:38 NZDT" duration-ms="23731" status="PASS">
          <params>
            <param index="0">
              <value>
                <![CDATA["Contact form shows validation errors on empty submit and clears them after filling fields"]]>
              </value>
            </param>
            <param index="1">
              <value>
                <![CDATA["Jupiter Toys Application Tests"]]>
              </value>
            </param>
          </params>
          <reporter-output>
          </reporter-output>
        </test-method> <!-- runScenario -->
        <test-method signature="runScenario(io.cucumber.testng.PickleWrapper,io.cucumber.testng.FeatureWrapper)[pri:0, instance:com.planit.runners.TestRunner@7bc6d27a]" started-at="2026-03-18T10:35:38 NZDT" name="runScenario" description="Runs Cucumber Scenarios" data-provider="scenarios" finished-at="2026-03-18T10:35:58 NZDT" duration-ms="20017" status="PASS">
          <params>
            <param index="0">
              <value>
                <![CDATA["Successful contact form submission"]]>
              </value>
            </param>
            <param index="1">
              <value>
                <![CDATA["Jupiter Toys Application Tests"]]>
              </value>
            </param>
          </params>
          <reporter-output>
          </reporter-output>
        </test-method> <!-- runScenario -->
        <test-method signature="runScenario(io.cucumber.testng.PickleWrapper,io.cucumber.testng.FeatureWrapper)[pri:0, instance:com.planit.runners.TestRunner@7bc6d27a]" started-at="2026-03-18T10:35:58 NZDT" name="runScenario" description="Runs Cucumber Scenarios" data-provider="scenarios" finished-at="2026-03-18T10:36:17 NZDT" duration-ms="18347" status="PASS">
          <params>
            <param index="0">
              <value>
                <![CDATA["Successful contact form submission"]]>
              </value>
            </param>
            <param index="1">
              <value>
                <![CDATA["Jupiter Toys Application Tests"]]>
              </value>
            </param>
          </params>
          <reporter-output>
          </reporter-output>
        </test-method> <!-- runScenario -->
        <test-method signature="runScenario(io.cucumber.testng.PickleWrapper,io.cucumber.testng.FeatureWrapper)[pri:0, instance:com.planit.runners.TestRunner@7bc6d27a]" started-at="2026-03-18T10:36:17 NZDT" name="runScenario" description="Runs Cucumber Scenarios" data-provider="scenarios" finished-at="2026-03-18T10:36:37 NZDT" duration-ms="20290" status="PASS">
          <params>
            <param index="0">
              <value>
                <![CDATA["Successful contact form submission"]]>
              </value>
            </param>
            <param index="1">
              <value>
                <![CDATA["Jupiter Toys Application Tests"]]>
              </value>
            </param>
          </params>
          <reporter-output>
          </reporter-output>
        </test-method> <!-- runScenario -->
        <test-method signature="runScenario(io.cucumber.testng.PickleWrapper,io.cucumber.testng.FeatureWrapper)[pri:0, instance:com.planit.runners.TestRunner@7bc6d27a]" started-at="2026-03-18T10:36:37 NZDT" name="runScenario" description="Runs Cucumber Scenarios" data-provider="scenarios" finished-at="2026-03-18T10:36:54 NZDT" duration-ms="17351" status="PASS">
          <params>
            <param index="0">
              <value>
                <![CDATA["Successful contact form submission"]]>
              </value>
            </param>
            <param index="1">
              <value>
                <![CDATA["Jupiter Toys Application Tests"]]>
              </value>
            </param>
          </params>
          <reporter-output>
          </reporter-output>
        </test-method> <!-- runScenario -->
        <test-method signature="runScenario(io.cucumber.testng.PickleWrapper,io.cucumber.testng.FeatureWrapper)[pri:0, instance:com.planit.runners.TestRunner@7bc6d27a]" started-at="2026-03-18T10:36:54 NZDT" name="runScenario" description="Runs Cucumber Scenarios" data-provider="scenarios" finished-at="2026-03-18T10:37:15 NZDT" duration-ms="21014" status="PASS">
          <params>
            <param index="0">
              <value>
                <![CDATA["Successful contact form submission"]]>
              </value>
            </param>
            <param index="1">
              <value>
                <![CDATA["Jupiter Toys Application Tests"]]>
              </value>
            </param>
          </params>
          <reporter-output>
          </reporter-output>
        </test-method> <!-- runScenario -->
        <test-method signature="runScenario(io.cucumber.testng.PickleWrapper,io.cucumber.testng.FeatureWrapper)[pri:0, instance:com.planit.runners.TestRunner@7bc6d27a]" started-at="2026-03-18T10:37:15 NZDT" name="runScenario" description="Runs Cucumber Scenarios" data-provider="scenarios" finished-at="2026-03-18T10:37:22 NZDT" duration-ms="6995" status="FAIL">
          <params>
            <param index="0">
              <value>
                <![CDATA["Cart subtotals and grand total are calculated correctly"]]>
              </value>
            </param>
            <param index="1">
              <value>
                <![CDATA["Jupiter Toys Application Tests"]]>
              </value>
            </param>
          </params>
          <exception class="java.lang.AssertionError">
            <message>
              <![CDATA[[Subtotal for 'Fluffy Bunny' should be 49.95 (unit price 9.99 Ã— 5)] 
expected: 49.95
 but was: 39.96]]>
            </message>
            <full-stacktrace>
              <![CDATA[java.lang.AssertionError: [Subtotal for 'Fluffy Bunny' should be 49.95 (unit price 9.99 Ã— 5)] 
expected: 49.95
 but was: 39.96
at com.planit.stepdefs.CartSteps.theSubtotalForShouldEqualUnitPriceMultipliedBy(CartSteps.java:81)
at ✽.the subtotal for "Fluffy Bunny" should equal unit price multiplied by 5(classpath:features/jupiter_toys.feature:45)
]]>
            </full-stacktrace>
          </exception> <!-- java.lang.AssertionError -->
          <reporter-output>
          </reporter-output>
        </test-method> <!-- runScenario -->
        <test-method is-config="true" signature="tearDownClass()[pri:0, instance:com.planit.runners.TestRunner@7bc6d27a]" started-at="2026-03-18T10:37:22 NZDT" name="tearDownClass" finished-at="2026-03-18T10:37:23 NZDT" duration-ms="69" status="PASS">
          <reporter-output>
          </reporter-output>
        </test-method> <!-- tearDownClass -->
      </class> <!-- com.planit.runners.TestRunner -->
    </test> <!-- All Test Cases -->
  </suite> <!-- Planit Jupiter Toys Suite -->
</testng-results>
