<?xml version="1.0" encoding="UTF-8"?>
<testng-results ignored="0" total="7" passed="7" failed="0" skipped="0">
  <reporter-output>
  </reporter-output>
  <suite started-at="2026-03-18T02:03:27 NZDT" name="Planit Jupiter Toys Suite" finished-at="2026-03-18T02:04:54 NZDT" duration-ms="87388">
    <groups>
      <group name="cucumber">
        <method signature="AbstractTestNGCucumberTests.runScenario(io.cucumber.testng.PickleWrapper,io.cucumber.testng.FeatureWrapper)[pri:0, instance:com.planit.runners.TestRunner@57ad2aa7]" name="runScenario" class="io.cucumber.testng.AbstractTestNGCucumberTests"/>
      </group> <!-- cucumber -->
    </groups>
    <test started-at="2026-03-18T02:03:27 NZDT" name="All Test Cases" finished-at="2026-03-18T02:04:54 NZDT" duration-ms="87388">
      <class name="com.planit.runners.TestRunner">
        <test-method is-config="true" signature="setUpClass(org.testng.ITestContext)[pri:0, instance:com.planit.runners.TestRunner@57ad2aa7]" started-at="2026-03-18T02:03:27 NZDT" name="setUpClass" finished-at="2026-03-18T02:03:27 NZDT" duration-ms="377" status="PASS">
          <params>
            <param index="0">
              <value>
                <![CDATA[org.testng.TestRunner@282cb7c7]]>
              </value>
            </param>
          </params>
          <reporter-output>
          </reporter-output>
        </test-method> <!-- setUpClass -->
        <test-method signature="runScenario(io.cucumber.testng.PickleWrapper,io.cucumber.testng.FeatureWrapper)[pri:0, instance:com.planit.runners.TestRunner@57ad2aa7]" started-at="2026-03-18T02:03:27 NZDT" name="runScenario" description="Runs Cucumber Scenarios" data-provider="scenarios" finished-at="2026-03-18T02:03:49 NZDT" duration-ms="22150" status="PASS">
          <params>
            <param index="0">
              <value>
                <![CDATA["Contact form shows validation errors on empty submit and clears them after filling fields"]]>
              </value>
            </param>
            <param index="1">
              <value>
                <![CDATA["Jupiter Toys Application Tests"]]>
              </value>
            </param>
          </params>
          <reporter-output>
          </reporter-output>
        </test-method> <!-- runScenario -->
        <test-method signature="runScenario(io.cucumber.testng.PickleWrapper,io.cucumber.testng.FeatureWrapper)[pri:0, instance:com.planit.runners.TestRunner@57ad2aa7]" started-at="2026-03-18T02:03:49 NZDT" name="runScenario" description="Runs Cucumber Scenarios" data-provider="scenarios" finished-at="2026-03-18T02:03:58 NZDT" duration-ms="8528" status="PASS">
          <params>
            <param index="0">
              <value>
                <![CDATA["Successful contact form submission"]]>
              </value>
            </param>
            <param index="1">
              <value>
                <![CDATA["Jupiter Toys Application Tests"]]>
              </value>
            </param>
          </params>
          <reporter-output>
          </reporter-output>
        </test-method> <!-- runScenario -->
        <test-method signature="runScenario(io.cucumber.testng.PickleWrapper,io.cucumber.testng.FeatureWrapper)[pri:0, instance:com.planit.runners.TestRunner@57ad2aa7]" started-at="2026-03-18T02:03:58 NZDT" name="runScenario" description="Runs Cucumber Scenarios" data-provider="scenarios" finished-at="2026-03-18T02:04:05 NZDT" duration-ms="6983" status="PASS">
          <params>
            <param index="0">
              <value>
                <![CDATA["Successful contact form submission"]]>
              </value>
            </param>
            <param index="1">
              <value>
                <![CDATA["Jupiter Toys Application Tests"]]>
              </value>
            </param>
          </params>
          <reporter-output>
          </reporter-output>
        </test-method> <!-- runScenario -->
        <test-method signature="runScenario(io.cucumber.testng.PickleWrapper,io.cucumber.testng.FeatureWrapper)[pri:0, instance:com.planit.runners.TestRunner@57ad2aa7]" started-at="2026-03-18T02:04:05 NZDT" name="runScenario" description="Runs Cucumber Scenarios" data-provider="scenarios" finished-at="2026-03-18T02:04:11 NZDT" duration-ms="6325" status="PASS">
          <params>
            <param index="0">
              <value>
                <![CDATA["Successful contact form submission"]]>
              </value>
            </param>
            <param index="1">
              <value>
                <![CDATA["Jupiter Toys Application Tests"]]>
              </value>
            </param>
          </params>
          <reporter-output>
          </reporter-output>
        </test-method> <!-- runScenario -->
        <test-method signature="runScenario(io.cucumber.testng.PickleWrapper,io.cucumber.testng.FeatureWrapper)[pri:0, instance:com.planit.runners.TestRunner@57ad2aa7]" started-at="2026-03-18T02:04:11 NZDT" name="runScenario" description="Runs Cucumber Scenarios" data-provider="scenarios" finished-at="2026-03-18T02:04:31 NZDT" duration-ms="19505" status="PASS">
          <params>
            <param index="0">
              <value>
                <![CDATA["Successful contact form submission"]]>
              </value>
            </param>
            <param index="1">
              <value>
                <![CDATA["Jupiter Toys Application Tests"]]>
              </value>
            </param>
          </params>
          <reporter-output>
          </reporter-output>
        </test-method> <!-- runScenario -->
        <test-method signature="runScenario(io.cucumber.testng.PickleWrapper,io.cucumber.testng.FeatureWrapper)[pri:0, instance:com.planit.runners.TestRunner@57ad2aa7]" started-at="2026-03-18T02:04:31 NZDT" name="runScenario" description="Runs Cucumber Scenarios" data-provider="scenarios" finished-at="2026-03-18T02:04:38 NZDT" duration-ms="7256" status="PASS">
          <params>
            <param index="0">
              <value>
                <![CDATA["Successful contact form submission"]]>
              </value>
            </param>
            <param index="1">
              <value>
                <![CDATA["Jupiter Toys Application Tests"]]>
              </value>
            </param>
          </params>
          <reporter-output>
          </reporter-output>
        </test-method> <!-- runScenario -->
        <test-method signature="runScenario(io.cucumber.testng.PickleWrapper,io.cucumber.testng.FeatureWrapper)[pri:0, instance:com.planit.runners.TestRunner@57ad2aa7]" started-at="2026-03-18T02:04:38 NZDT" name="runScenario" description="Runs Cucumber Scenarios" data-provider="scenarios" finished-at="2026-03-18T02:04:54 NZDT" duration-ms="16195" status="PASS">
          <params>
            <param index="0">
              <value>
                <![CDATA["Cart subtotals and grand total are calculated correctly"]]>
              </value>
            </param>
            <param index="1">
              <value>
                <![CDATA["Jupiter Toys Application Tests"]]>
              </value>
            </param>
          </params>
          <reporter-output>
          </reporter-output>
        </test-method> <!-- runScenario -->
        <test-method is-config="true" signature="tearDownClass()[pri:0, instance:com.planit.runners.TestRunner@57ad2aa7]" started-at="2026-03-18T02:04:54 NZDT" name="tearDownClass" finished-at="2026-03-18T02:04:54 NZDT" duration-ms="43" status="PASS">
          <reporter-output>
          </reporter-output>
        </test-method> <!-- tearDownClass -->
      </class> <!-- com.planit.runners.TestRunner -->
    </test> <!-- All Test Cases -->
  </suite> <!-- Planit Jupiter Toys Suite -->
</testng-results>
